<?xml version="1.0" encoding="UTF-8"?>
<!-- Generated by org.testng.reporters.JUnitReportReporter -->
<testsuite hostname="preethi" failures="0" tests="1" name="driverFactory.AppTest" time="117.237" errors="0" timestamp="2024-05-23T11:58:39 IST" skipped="0">
  <testcase classname="driverFactory.AppTest" name="add_Customer" time="117.237"/>
  <system-out>
    <![CDATA[No Of rows are ::8
Customer number matching
Customer number matching
Customer number matching
Customer number matching
Customer number matching
Customer number matching
Customer number matching
Customer number matching]]>
  </system-out>
</testsuite> <!-- driverFactory.AppTest -->
